  fuentesDeLuz.cpp
C:\Users\Flash\OneDrive - Facultad de Ingeniería UNAM\grafica\P1\CGIH12\Project1\fuentesDeLuz.cpp(189,24): warning C4244: 'inicializando': conversión de 'double' a 'GLfloat'; posible pérdida de datos
C:\Users\Flash\OneDrive - Facultad de Ingeniería UNAM\grafica\P1\CGIH12\Project1\fuentesDeLuz.cpp(233,21): warning C4244: '=': conversión de 'double' a 'T'; posible pérdida de datos
C:\Users\Flash\OneDrive - Facultad de Ingeniería UNAM\grafica\P1\CGIH12\Project1\fuentesDeLuz.cpp(233,21): warning C4244:         with
C:\Users\Flash\OneDrive - Facultad de Ingeniería UNAM\grafica\P1\CGIH12\Project1\fuentesDeLuz.cpp(233,21): warning C4244:         [
C:\Users\Flash\OneDrive - Facultad de Ingeniería UNAM\grafica\P1\CGIH12\Project1\fuentesDeLuz.cpp(233,21): warning C4244:             T=float
C:\Users\Flash\OneDrive - Facultad de Ingeniería UNAM\grafica\P1\CGIH12\Project1\fuentesDeLuz.cpp(233,21): warning C4244:         ]
C:\Users\Flash\OneDrive - Facultad de Ingeniería UNAM\grafica\P1\CGIH12\Project1\fuentesDeLuz.cpp(234,21): warning C4244: '=': conversión de 'double' a 'T'; posible pérdida de datos
C:\Users\Flash\OneDrive - Facultad de Ingeniería UNAM\grafica\P1\CGIH12\Project1\fuentesDeLuz.cpp(234,21): warning C4244:         with
C:\Users\Flash\OneDrive - Facultad de Ingeniería UNAM\grafica\P1\CGIH12\Project1\fuentesDeLuz.cpp(234,21): warning C4244:         [
C:\Users\Flash\OneDrive - Facultad de Ingeniería UNAM\grafica\P1\CGIH12\Project1\fuentesDeLuz.cpp(234,21): warning C4244:             T=float
C:\Users\Flash\OneDrive - Facultad de Ingeniería UNAM\grafica\P1\CGIH12\Project1\fuentesDeLuz.cpp(234,21): warning C4244:         ]
C:\Users\Flash\OneDrive - Facultad de Ingeniería UNAM\grafica\P1\CGIH12\Project1\fuentesDeLuz.cpp(235,21): warning C4244: '=': conversión de 'double' a 'T'; posible pérdida de datos
C:\Users\Flash\OneDrive - Facultad de Ingeniería UNAM\grafica\P1\CGIH12\Project1\fuentesDeLuz.cpp(235,21): warning C4244:         with
C:\Users\Flash\OneDrive - Facultad de Ingeniería UNAM\grafica\P1\CGIH12\Project1\fuentesDeLuz.cpp(235,21): warning C4244:         [
C:\Users\Flash\OneDrive - Facultad de Ingeniería UNAM\grafica\P1\CGIH12\Project1\fuentesDeLuz.cpp(235,21): warning C4244:             T=float
C:\Users\Flash\OneDrive - Facultad de Ingeniería UNAM\grafica\P1\CGIH12\Project1\fuentesDeLuz.cpp(235,21): warning C4244:         ]
C:\Users\Flash\OneDrive - Facultad de Ingeniería UNAM\grafica\P1\CGIH12\Project1\fuentesDeLuz.cpp(465,11): warning C4244: '=': conversión de 'double' a 'GLfloat'; posible pérdida de datos
C:\Users\Flash\OneDrive - Facultad de Ingeniería UNAM\grafica\P1\CGIH12\Project1\fuentesDeLuz.cpp(466,11): warning C4244: '=': conversión de 'double' a 'GLfloat'; posible pérdida de datos
C:\Users\Flash\OneDrive - Facultad de Ingeniería UNAM\grafica\P1\CGIH12\Project1\fuentesDeLuz.cpp(470,18): warning C4244: 'inicializando': conversión de 'double' a 'GLfloat'; posible pérdida de datos
C:\Users\Flash\OneDrive - Facultad de Ingeniería UNAM\grafica\P1\CGIH12\Project1\fuentesDeLuz.cpp(471,18): warning C4244: 'inicializando': conversión de 'double' a 'GLfloat'; posible pérdida de datos
C:\Users\Flash\OneDrive - Facultad de Ingeniería UNAM\grafica\P1\CGIH12\Project1\fuentesDeLuz.cpp(473,10): warning C4244: '=': conversión de 'double' a 'GLfloat'; posible pérdida de datos
C:\Users\Flash\OneDrive - Facultad de Ingeniería UNAM\grafica\P1\CGIH12\Project1\fuentesDeLuz.cpp(474,10): warning C4244: '=': conversión de 'double' a 'GLfloat'; posible pérdida de datos
soil2-debug.lib(SOIL2.obj) : warning LNK4075: se omite '/EDITANDCONTINUE' debido a la especificación '/OPT:ICF'
LINK : warning LNK4098: la biblioteca predeterminada'MSVCRTD' entra en conflicto con otras bibliotecas; use la biblioteca /NODEFAULTLIB:biblioteca
  Generando código
  5 of 619 functions ( 0.8%) were compiled, the rest were copied from previous compilation.
    0 functions were new in current compilation
    0 functions had inline decision re-evaluated but remain unchanged
  Generación de código finalizada
soil2-debug.lib(etc1_utils.obj) : warning LNK4099: no se encontró PDB 'soil2-debug.pdb' con 'soil2-debug.lib(etc1_utils.obj)' o en 'C:\Users\Flash\OneDrive - Facultad de Ingeniería UNAM\grafica\P1\CGIH12\Release\soil2-debug.pdb'; se vinculará el objeto sin tener en cuenta información de depuración
soil2-debug.lib(image_DXT.obj) : warning LNK4099: no se encontró PDB 'soil2-debug.pdb' con 'soil2-debug.lib(image_DXT.obj)' o en 'C:\Users\Flash\OneDrive - Facultad de Ingeniería UNAM\grafica\P1\CGIH12\Release\soil2-debug.pdb'; se vinculará el objeto sin tener en cuenta información de depuración
soil2-debug.lib(image_helper.obj) : warning LNK4099: no se encontró PDB 'soil2-debug.pdb' con 'soil2-debug.lib(image_helper.obj)' o en 'C:\Users\Flash\OneDrive - Facultad de Ingeniería UNAM\grafica\P1\CGIH12\Release\soil2-debug.pdb'; se vinculará el objeto sin tener en cuenta información de depuración
soil2-debug.lib(SOIL2.obj) : warning LNK4099: no se encontró PDB 'soil2-debug.pdb' con 'soil2-debug.lib(SOIL2.obj)' o en 'C:\Users\Flash\OneDrive - Facultad de Ingeniería UNAM\grafica\P1\CGIH12\Release\soil2-debug.pdb'; se vinculará el objeto sin tener en cuenta información de depuración
  Project1.vcxproj -> C:\Users\Flash\OneDrive - Facultad de Ingeniería UNAM\grafica\P1\CGIH12\Release\Project1.exe
